[debug] [2022-01-08T15:42:53.685Z] ----------------------------------------------------------------------
[debug] [2022-01-08T15:42:53.693Z] Command:       C:\Program Files\nodejs\node.exe C:\Users\elvis\AppData\Local\Yarn\Data\global\node_modules\firebase-tools\lib\bin\firebase.js init
[debug] [2022-01-08T15:42:53.700Z] CLI Version:   9.14.0
[debug] [2022-01-08T15:42:53.700Z] Platform:      win32
[debug] [2022-01-08T15:42:53.701Z] Node Version:  v14.17.0
[debug] [2022-01-08T15:42:53.705Z] Time:          Sat Jan 08 2022 12:42:53 GMT-0300 (Horário Padrão de Brasília)
[debug] [2022-01-08T15:42:53.707Z] ----------------------------------------------------------------------
[debug] 
[debug] [2022-01-08T15:42:53.717Z] >>> [apiv2][query] GET https://firebase-public.firebaseio.com/cli.json [none]
[debug] [2022-01-08T15:42:53.789Z] > command requires scopes: ["email","openid","https://www.googleapis.com/auth/cloudplatformprojects.readonly","https://www.googleapis.com/auth/firebase","https://www.googleapis.com/auth/cloud-platform"]
[debug] [2022-01-08T15:42:53.790Z] > authorizing via signed-in user (elvisjaspion@gmail.com)
[info] 
     ######## #### ########  ######## ########     ###     ######  ########
     ##        ##  ##     ## ##       ##     ##  ##   ##  ##       ##
     ######    ##  ########  ######   ########  #########  ######  ######
     ##        ##  ##    ##  ##       ##     ## ##     ##       ## ##
     ##       #### ##     ## ######## ########  ##     ##  ######  ########

You're about to initialize a Firebase project in this directory:

  C:\Users\elvis\portfolio

[debug] [2022-01-08T15:42:54.435Z] <<< [apiv2][status] GET https://firebase-public.firebaseio.com/cli.json 200
[debug] [2022-01-08T15:42:54.435Z] <<< [apiv2][body] GET https://firebase-public.firebaseio.com/cli.json {"cloudBuildErrorAfter":1594252800000,"cloudBuildWarnAfter":1590019200000,"defaultNode10After":1594252800000,"minVersion":"3.0.5","node8DeploysDisabledAfter":1613390400000,"node8RuntimeDisabledAfter":1615809600000,"node8WarnAfter":1600128000000}
